<?xml version="1.0" encoding="UTF-8"?>
<robot generator="Robot 3.1.2 (Python 3.8.1 on win32)" generated="20200308 22:50:10.146" rpa="false">
<suite id="s1" name="Robotproject1" source="C:\Users\z003srtv\eclipse-workspace\robotproject1">
<suite id="s1-s1" name="Test" source="C:\Users\z003srtv\eclipse-workspace\robotproject1\test">
<suite id="s1-s1-s1" name="TestSuite1" source="C:\Users\z003srtv\eclipse-workspace\robotproject1\test\TestSuite1.robot">
<test id="s1-s1-s1-t1" name="FirstSeleniumTest">
<kw name="Open Browser" library="SeleniumLibrary">
<doc>Opens a new browser instance to the optional ``url``.</doc>
<arguments>
<arg>https://google.com</arg>
<arg>chrome</arg>
</arguments>
<msg timestamp="20200308 22:50:10.606" level="INFO">Opening browser 'chrome' to base url 'https://google.com'.</msg>
<status status="PASS" starttime="20200308 22:50:10.605" endtime="20200308 22:50:14.842"></status>
</kw>
<kw name="Set Browser Implicit Wait" library="SeleniumLibrary">
<doc>Sets the implicit wait value used by Selenium.</doc>
<arguments>
<arg>2</arg>
</arguments>
<status status="PASS" starttime="20200308 22:50:14.842" endtime="20200308 22:50:14.844"></status>
</kw>
<kw name="Input Text" library="SeleniumLibrary">
<doc>Types the given ``text`` into the text field identified by ``locator``.</doc>
<arguments>
<arg>name=q</arg>
<arg>mrbkankim</arg>
</arguments>
<msg timestamp="20200308 22:50:14.845" level="INFO">Typing text 'mrbkankim' into text field 'name=q'.</msg>
<status status="PASS" starttime="20200308 22:50:14.845" endtime="20200308 22:50:15.042"></status>
</kw>
<kw name="Press Keys" library="SeleniumLibrary">
<doc>Simulates the user pressing key(s) to an element or on the active browser.</doc>
<arguments>
<arg>name=q</arg>
<arg>ENTER</arg>
</arguments>
<msg timestamp="20200308 22:50:15.045" level="INFO">Sending key(s) ('ENTER',) to name=q element.</msg>
<msg timestamp="20200308 22:50:15.339" level="INFO">Pressing special key ENTER to element.</msg>
<msg timestamp="20200308 22:50:15.340" level="INFO">Releasing special key ENTER.</msg>
<status status="PASS" starttime="20200308 22:50:15.043" endtime="20200308 22:50:16.653"></status>
</kw>
<kw name="Sleep" library="BuiltIn">
<doc>Pauses the test executed for the given time.</doc>
<arguments>
<arg>5</arg>
</arguments>
<msg timestamp="20200308 22:50:21.656" level="INFO">Slept 5 seconds</msg>
<status status="PASS" starttime="20200308 22:50:16.654" endtime="20200308 22:50:21.656"></status>
</kw>
<kw name="Close Browser" library="SeleniumLibrary">
<doc>Closes the current browser.</doc>
<status status="PASS" starttime="20200308 22:50:21.656" endtime="20200308 22:50:24.131"></status>
</kw>
<kw name="Log" library="BuiltIn">
<doc>Logs the given message with the given level.</doc>
<arguments>
<arg>Test Done</arg>
</arguments>
<msg timestamp="20200308 22:50:24.132" level="INFO">Test Done</msg>
<status status="PASS" starttime="20200308 22:50:24.132" endtime="20200308 22:50:24.133"></status>
</kw>
<status status="PASS" starttime="20200308 22:50:10.604" endtime="20200308 22:50:24.133" critical="yes"></status>
</test>
<status status="PASS" starttime="20200308 22:50:10.240" endtime="20200308 22:50:24.134"></status>
</suite>
<status status="PASS" starttime="20200308 22:50:10.237" endtime="20200308 22:50:24.136"></status>
</suite>
<status status="PASS" starttime="20200308 22:50:10.211" endtime="20200308 22:50:24.137"></status>
</suite>
<statistics>
<total>
<stat pass="1" fail="0">Critical Tests</stat>
<stat pass="1" fail="0">All Tests</stat>
</total>
<tag>
</tag>
<suite>
<stat pass="1" fail="0" id="s1" name="Robotproject1">Robotproject1</stat>
<stat pass="1" fail="0" id="s1-s1" name="Test">Robotproject1.Test</stat>
<stat pass="1" fail="0" id="s1-s1-s1" name="TestSuite1">Robotproject1.Test.TestSuite1</stat>
</suite>
</statistics>
<errors>
</errors>
</robot>
